\BOOKMARK [1][-]{section.1}{\376\377\000D\000i\000s\000c\000l\000a\000i\000m\000e\000r}{}% 1
\BOOKMARK [1][-]{section.2}{\376\377\000I\000n\000t\000r\000o\000d\000u\000c\000t\000i\000o\000n}{}% 2
\BOOKMARK [1][-]{section.3}{\376\377\000D\000e\000f\000i\000n\000i\000t\000i\000o\000n\000s}{}% 3
\BOOKMARK [2][-]{subsection.3.1}{\376\377\000I\000d\000l\000e\000\040\000C\000h\000a\000m\000p\000i\000o\000n\000\040\000R\000e\000m\000i\000n\000d\000e\000r}{section.3}% 4
\BOOKMARK [2][-]{subsection.3.2}{\376\377\000G\000u\000i\000d\000e\000\040\000s\000p\000e\000c\000i\000f\000i\000c\000.}{section.3}% 5
\BOOKMARK [3][-]{subsubsection.3.2.1}{\376\377\000C\000o\000n\000c\000e\000p\000t\000s}{subsection.3.2}% 6
\BOOKMARK [3][-]{subsubsection.3.2.2}{\376\377\000C\000h\000a\000m\000p\000i\000o\000n\000\040\000J\000o\000b\000s}{subsection.3.2}% 7
\BOOKMARK [1][-]{section.4}{\376\377\000U\000s\000i\000n\000g\000\040\000M\000o\000d\000r\000o\000n\000\040\000B\000r\000i\000v\000\040\000S\000t\000a\000c\000k\000i\000n\000g}{}% 8
\BOOKMARK [2][-]{subsection.4.1}{\376\377\000R\000e\000q\000u\000i\000r\000e\000m\000e\000n\000t\000s\000\040\000?}{section.4}% 9
\BOOKMARK [2][-]{subsection.4.2}{\376\377\000G\000e\000n\000e\000r\000a\000l\000\040\000C\000o\000n\000c\000e\000p\000t}{section.4}% 10
\BOOKMARK [3][-]{subsubsection.4.2.1}{\376\377\000S\000t\000e\000p\000\040\000O\000n\000e\000:\000\040\000c\000h\000o\000o\000s\000e\000\040\000Y\000o\000u\000r\000\040\000T\000a\000r\000g\000e\000t}{subsection.4.2}% 11
\BOOKMARK [3][-]{subsubsection.4.2.2}{\376\377\000S\000t\000e\000p\000\040\000T\000w\000o\000:\000\040\000T\000u\000n\000e\000\040\000C\000l\000i\000c\000k\000\040\000D\000a\000m\000a\000g\000e}{subsection.4.2}% 12
\BOOKMARK [3][-]{subsubsection.4.2.3}{\376\377\000S\000t\000e\000p\000\040\000T\000h\000r\000e\000e\000:\000\040\000T\000u\000n\000e\000\040\000B\000r\000i\000v\000'\000s\000\040\000S\000t\000a\000c\000k\000i\000n\000g}{subsection.4.2}% 13
\BOOKMARK [3][-]{subsubsection.4.2.4}{\376\377\000S\000t\000e\000p\000\040\000F\000o\000u\000r\000:\000\040\000T\000u\000n\000e\000\040\000Y\000o\000u\000r\000\040\000B\000U\000D}{subsection.4.2}% 14
\BOOKMARK [3][-]{subsubsection.4.2.5}{\376\377\000S\000t\000e\000p\000\040\000F\000i\000v\000e\000:\000\040\000M\000o\000n\000i\000t\000o\000r}{subsection.4.2}% 15
\BOOKMARK [3][-]{subsubsection.4.2.6}{\376\377\000N\000o\000n\000-\000P\000e\000r\000f\000e\000c\000t\000\040\000J\000u\000m\000p\000s\000\040\000P\000a\000r\000t\000i\000c\000u\000l\000a\000r\000i\000t\000y}{subsection.4.2}% 16
\BOOKMARK [2][-]{subsection.4.3}{\376\377\000C\000h\000o\000o\000s\000i\000n\000g\000\040\000a\000n\000\040\000A\000d\000v\000e\000n\000t\000u\000r\000e}{section.4}% 17
\BOOKMARK [3][-]{subsubsection.4.3.1}{\376\377\0003\000\040\000J\000u\000m\000p\000s}{subsection.4.3}% 18
\BOOKMARK [3][-]{subsubsection.4.3.2}{\376\377\0004\000\040\000J\000u\000m\000p\000s}{subsection.4.3}% 19
\BOOKMARK [3][-]{subsubsection.4.3.3}{\376\377\0007\000\040\000J\000u\000m\000p\000s}{subsection.4.3}% 20
\BOOKMARK [3][-]{subsubsection.4.3.4}{\376\377\0009\000\040\000J\000u\000m\000p\000s}{subsection.4.3}% 21
\BOOKMARK [3][-]{subsubsection.4.3.5}{\376\377\000S\000p\000e\000c\000i\000f\000i\000c\000\040\000A\000d\000v\000e\000n\000t\000u\000r\000e\000\040\000S\000e\000t\000\040\000U\000p}{subsection.4.3}% 22
\BOOKMARK [2][-]{subsection.4.4}{\376\377\000C\000h\000a\000m\000p\000i\000o\000n\000\040\000R\000o\000l\000e\000s}{section.4}% 23
\BOOKMARK [1][-]{section.5}{\376\377\000T\000i\000p\000s\000\040\000A\000n\000d\000\040\000T\000r\000i\000c\000k\000s}{}% 24
\BOOKMARK [2][-]{subsection.5.1}{\376\377\000E\000x\000t\000r\000a\000\040\000F\000r\000e\000e\000\040\000G\000e\000m\000s}{section.5}% 25
\BOOKMARK [1][-]{section.6}{\376\377\000F\000r\000e\000q\000u\000e\000n\000t\000l\000y\000\040\000A\000s\000k\000e\000d\000\040\000Q\000u\000e\000s\000t\000i\000o\000n\000s}{}% 26
\BOOKMARK [2][-]{subsection.6.1}{\376\377\000D\000e\000a\000l\000i\000n\000g\000\040\000W\000i\000t\000h\000\040\000F\000a\000v\000o\000r\000s\000\040\000T\000o\000o\000\040\000H\000i\000g\000h}{section.6}% 27
\BOOKMARK [2][-]{subsection.6.2}{\376\377\000I\000\040\000W\000a\000n\000t\000\040\000t\000o\000\040\000S\000e\000t\000\040\000U\000p\000\040\000O\000n\000\040\000a\000\040\000S\000p\000e\000c\000i\000f\000i\000c\000\040\000A\000d\000v\000e\000n\000t\000u\000r\000e\000.}{section.6}% 28
\BOOKMARK [2][-]{subsection.6.3}{\376\377\000G\000e\000t\000t\000i\000n\000g\000\040\000P\000e\000r\000f\000e\000c\000t\000\040\000J\000u\000m\000p\000\040\000C\000h\000a\000n\000c\000e\000s}{section.6}% 29
\BOOKMARK [2][-]{subsection.6.4}{\376\377\000W\000h\000y\000\040\000D\000o\000e\000s\000\040\000B\000y\000t\000e\000g\000l\000o\000w\000\040\000T\000e\000l\000l\000s\000\040\000M\000e\000\040\000I\000\040\000n\000e\000e\000d\000\040\000T\000h\000a\000t\000\040\000M\000u\000c\000h\000\040\000I\000t\000e\000m\000\040\000L\000e\000v\000e\000l}{section.6}% 30
\BOOKMARK [2][-]{subsection.6.5}{\376\377\000H\000o\000w\000\040\000a\000b\000o\000u\000t\000\040\000M\000o\000d\000r\000o\000n\000\040\000c\000o\000r\000e\000s\000\040\000?}{section.6}% 31
\BOOKMARK [2][-]{subsection.6.6}{\376\377\000S\000h\000o\000u\000l\000d\000\040\000I\000\040\000s\000t\000a\000c\000k\000\040\000o\000n\000\040\000m\000u\000l\000t\000i\000p\000l\000e\000\040\000z\000o\000n\000e\000s}{section.6}% 32
\BOOKMARK [2][-]{subsection.6.7}{\376\377\000H\000i\000g\000h\000\040\000F\000a\000v\000o\000r\000\040\000F\000a\000r\000m\000i\000n\000g}{section.6}% 33
\BOOKMARK [3][-]{subsubsection.6.7.1}{\376\377\000e\0009\0000\000-\000e\0001\0000\0000\000\040\000f\000a\000v\000o\000r}{subsection.6.7}% 34
\BOOKMARK [3][-]{subsubsection.6.7.2}{\376\377\000e\0001\0000\0000\000+\000\040\000f\000a\000v\000o\000r}{subsection.6.7}% 35
\BOOKMARK [2][-]{subsection.6.8}{\376\377\000B\000u\000y\000i\000n\000g\000\040\000a\000n\000d\000\040\000O\000p\000e\000n\000i\000n\000g\000\040\000C\000h\000e\000s\000t\000s}{section.6}% 36
\BOOKMARK [2][-]{subsection.6.9}{\376\377\000P\000o\000t\000i\000o\000n\000\040\000u\000s\000a\000g\000e}{section.6}% 37
\BOOKMARK [3][-]{subsubsection.6.9.1}{\376\377\000P\000o\000t\000i\000o\000n\000\040\000S\000u\000s\000t\000a\000i\000n}{subsection.6.9}% 38
\BOOKMARK [1][-]{section.7}{\376\377\000O\000t\000h\000e\000r\000\040\000U\000s\000e\000f\000u\000l\000\040\000G\000u\000i\000d\000e\000s}{}% 39
\BOOKMARK [1][-]{section.8}{\376\377\000A\000s\000k\000i\000n\000g\000\040\000f\000o\000r\000\040\000h\000e\000l\000p}{}% 40
\BOOKMARK [1][-]{section.9}{\376\377\000C\000h\000a\000n\000g\000e\000\040\000L\000o\000g}{}% 41
\BOOKMARK [1][-]{section.10}{\376\377\000A\000c\000k\000n\000o\000w\000l\000e\000d\000g\000m\000e\000n\000t\000s}{}% 42
